Build started 27-09-2024 16:32:02.
     1>Project "C:\Users\lakshya\Desktop\sem7\CS 566\AS4_210101062\AS4_210101062\AS4_210101062.vcxproj" on node 2 (build target(s)).
     1>InitializeBuildStatus:
         Creating "Debug\AS4_210101062.unsuccessfulbuild" because "AlwaysCreate" was specified.
       ClCompile:
         All outputs are up-to-date.
         C:\Program Files (x86)\Microsoft Visual Studio 10.0\VC\bin\CL.exe /c /ZI /nologo /W3 /WX- /Od /Oy- /D WIN32 /D _DEBUG /D _CONSOLE /D _UNICODE /D UNICODE /Gm /EHsc /RTC1 /MDd /GS /fp:precise /Zc:wchar_t /Zc:forScope /Yu"StdAfx.h" /Fp"Debug\AS4_210101062.pch" /Fo"Debug\\" /Fd"Debug\vc100.pdb" /Gd /TP /analyze- /errorReport:prompt AS4_210101062.cpp
         AS4_210101062.cpp
     1>c:\users\lakshya\desktop\sem7\cs 566\as4_210101062\as4_210101062\as4_210101062.cpp(44): warning C4244: '=' : conversion from 'double' to 'int', possible loss of data
     1>c:\users\lakshya\desktop\sem7\cs 566\as4_210101062\as4_210101062\as4_210101062.cpp(162): warning C4996: 'sprintf': This function or variable may be unsafe. Consider using sprintf_s instead. To disable deprecation, use _CRT_SECURE_NO_WARNINGS. See online help for details.
                 c:\program files (x86)\microsoft visual studio 10.0\vc\include\stdio.h(371) : see declaration of 'sprintf'
     1>c:\users\lakshya\desktop\sem7\cs 566\as4_210101062\as4_210101062\as4_210101062.cpp(163): warning C4996: 'fopen': This function or variable may be unsafe. Consider using fopen_s instead. To disable deprecation, use _CRT_SECURE_NO_WARNINGS. See online help for details.
                 c:\program files (x86)\microsoft visual studio 10.0\vc\include\stdio.h(234) : see declaration of 'fopen'
     1>c:\users\lakshya\desktop\sem7\cs 566\as4_210101062\as4_210101062\as4_210101062.cpp(246): warning C4258: 'i' : definition from the for loop is ignored; the definition from the enclosing scope is used
                 c:\users\lakshya\desktop\sem7\cs 566\as4_210101062\as4_210101062\as4_210101062.cpp(234) : definition of 'i' ignored
                 c:\users\lakshya\desktop\sem7\cs 566\as4_210101062\as4_210101062\as4_210101062.cpp(206) : definition of 'i' used
     1>c:\users\lakshya\desktop\sem7\cs 566\as4_210101062\as4_210101062\as4_210101062.cpp(247): warning C4258: 'i' : definition from the for loop is ignored; the definition from the enclosing scope is used
                 c:\users\lakshya\desktop\sem7\cs 566\as4_210101062\as4_210101062\as4_210101062.cpp(234) : definition of 'i' ignored
                 c:\users\lakshya\desktop\sem7\cs 566\as4_210101062\as4_210101062\as4_210101062.cpp(206) : definition of 'i' used
     1>c:\users\lakshya\desktop\sem7\cs 566\as4_210101062\as4_210101062\as4_210101062.cpp(248): warning C4258: 'i' : definition from the for loop is ignored; the definition from the enclosing scope is used
                 c:\users\lakshya\desktop\sem7\cs 566\as4_210101062\as4_210101062\as4_210101062.cpp(234) : definition of 'i' ignored
                 c:\users\lakshya\desktop\sem7\cs 566\as4_210101062\as4_210101062\as4_210101062.cpp(206) : definition of 'i' used
     1>c:\users\lakshya\desktop\sem7\cs 566\as4_210101062\as4_210101062\as4_210101062.cpp(250): warning C4258: 'i' : definition from the for loop is ignored; the definition from the enclosing scope is used
                 c:\users\lakshya\desktop\sem7\cs 566\as4_210101062\as4_210101062\as4_210101062.cpp(234) : definition of 'i' ignored
                 c:\users\lakshya\desktop\sem7\cs 566\as4_210101062\as4_210101062\as4_210101062.cpp(206) : definition of 'i' used
     1>c:\users\lakshya\desktop\sem7\cs 566\as4_210101062\as4_210101062\as4_210101062.cpp(262): warning C4996: 'sscanf': This function or variable may be unsafe. Consider using sscanf_s instead. To disable deprecation, use _CRT_SECURE_NO_WARNINGS. See online help for details.
                 c:\program files (x86)\microsoft visual studio 10.0\vc\include\stdio.h(325) : see declaration of 'sscanf'
     1>c:\users\lakshya\desktop\sem7\cs 566\as4_210101062\as4_210101062\as4_210101062.cpp(286): warning C4996: 'sprintf': This function or variable may be unsafe. Consider using sprintf_s instead. To disable deprecation, use _CRT_SECURE_NO_WARNINGS. See online help for details.
                 c:\program files (x86)\microsoft visual studio 10.0\vc\include\stdio.h(371) : see declaration of 'sprintf'
     1>c:\users\lakshya\desktop\sem7\cs 566\as4_210101062\as4_210101062\as4_210101062.cpp(287): warning C4996: 'fopen': This function or variable may be unsafe. Consider using fopen_s instead. To disable deprecation, use _CRT_SECURE_NO_WARNINGS. See online help for details.
                 c:\program files (x86)\microsoft visual studio 10.0\vc\include\stdio.h(234) : see declaration of 'fopen'
       ManifestResourceCompile:
         All outputs are up-to-date.
       Link:
         C:\Program Files (x86)\Microsoft Visual Studio 10.0\VC\bin\link.exe /ERRORREPORT:PROMPT /OUT:"C:\Users\lakshya\Desktop\sem7\CS 566\AS4_210101062\Debug\AS4_210101062.exe" /INCREMENTAL /NOLOGO kernel32.lib user32.lib gdi32.lib winspool.lib comdlg32.lib advapi32.lib shell32.lib ole32.lib oleaut32.lib uuid.lib odbc32.lib odbccp32.lib /MANIFEST /ManifestFile:"Debug\AS4_210101062.exe.intermediate.manifest" /MANIFESTUAC:"level='asInvoker' uiAccess='false'" /DEBUG /PDB:"C:\Users\lakshya\Desktop\sem7\CS 566\AS4_210101062\Debug\AS4_210101062.pdb" /SUBSYSTEM:CONSOLE /TLBID:1 /DYNAMICBASE /NXCOMPAT /IMPLIB:"C:\Users\lakshya\Desktop\sem7\CS 566\AS4_210101062\Debug\AS4_210101062.lib" /MACHINE:X86 Debug\AS4_210101062.exe.embed.manifest.res
         Debug\AS4_210101062.obj
         Debug\stdafx.obj
       Manifest:
         C:\Program Files (x86)\Microsoft SDKs\Windows\v7.0A\bin\mt.exe /nologo /verbose /out:"Debug\AS4_210101062.exe.embed.manifest" /manifest Debug\AS4_210101062.exe.intermediate.manifest
         All outputs are up-to-date.
       LinkEmbedManifest:
         All outputs are up-to-date.
         AS4_210101062.vcxproj -> C:\Users\lakshya\Desktop\sem7\CS 566\AS4_210101062\Debug\AS4_210101062.exe
       FinalizeBuildStatus:
         Deleting file "Debug\AS4_210101062.unsuccessfulbuild".
         Touching "Debug\AS4_210101062.lastbuildstate".
     1>Done Building Project "C:\Users\lakshya\Desktop\sem7\CS 566\AS4_210101062\AS4_210101062\AS4_210101062.vcxproj" (build target(s)).

Build succeeded.

Time Elapsed 00:00:02.03
